wendler/manifest-merger-release-report.txt
-- Merging decision tree log ---
manifest
ADDED from AndroidManifest.xml:2:1
	xmlns:tools
		ADDED from AndroidManifest.xml:3:11
	xmlns:android
		ADDED from AndroidManifest.xml:2:11
	package
		ADDED from AndroidManifest.xml:4:11
	android:versionName
		INJECTED from AndroidManifest.xml:0:0
		INJECTED from AndroidManifest.xml:0:0
	android:versionCode
		INJECTED from AndroidManifest.xml:0:0
		INJECTED from AndroidManifest.xml:0:0
uses-permission#android.permission.WRITE_EXTERNAL_STORAGE
ADDED from AndroidManifest.xml:6:5
	android:name
		ADDED from AndroidManifest.xml:6:22
uses-permission#android.permission.VIBRATE
ADDED from AndroidManifest.xml:7:5
	android:name
		ADDED from AndroidManifest.xml:7:22
uses-permission#android.permission.INTERNET
ADDED from AndroidManifest.xml:8:5
	android:name
		ADDED from AndroidManifest.xml:8:22
uses-permission#android.permission.ACCESS_NETWORK_STATE
ADDED from AndroidManifest.xml:9:5
	android:name
		ADDED from AndroidManifest.xml:9:22
uses-sdk
ADDED from AndroidManifest.xml:11:5
MERGED from com.android.support:support-v4:21.0.3:15:5
MERGED from com.android.support:appcompat-v7:21.0.3:15:5
MERGED from com.android.support:support-v4:21.0.3:15:5
MERGED from com.android.support:cardview-v7:21.0.2:15:5
MERGED from com.github.gabrielemariotti.changeloglib:library:1.5.2:7:5
MERGED from Wendlerized.libraries:drag-sort-listview:unspecified:7:5
MERGED from com.android.support:support-v4:21.0.3:15:5
MERGED from Wendlerized.libraries:betterpickers:unspecified:7:5
MERGED from com.android.support:support-v4:21.0.3:15:5
MERGED from de.psdev.licensesdialog:licensesdialog:1.6.0:23:5
MERGED from com.getbase:floatingactionbutton:1.6.0:8:5
MERGED from com.github.dmytrodanylyk.circular-progress-button:library:1.1.3:8:5
MERGED from com.android.support:support-v4-preferencefragment:1.0.0:15:5
MERGED from com.nispok:snackbar:2.7.4:6:5
MERGED from com.android.support:recyclerview-v7:21.0.2:15:5
MERGED from com.android.support:support-v4:21.0.3:15:5
MERGED from com.jpardogo.materialtabstrip:library:1.0.8:5:5
MERGED from com.android.support:support-v4:21.0.3:15:5
MERGED from com.telly:mrvector:0.2.0:7:5
MERGED from com.android.support:support-v4:21.0.3:15:5
	android:targetSdkVersion
		ADDED from AndroidManifest.xml:13:9
		INJECTED from AndroidManifest.xml:0:0
		INJECTED from AndroidManifest.xml:0:0
	android:minSdkVersion
		ADDED from AndroidManifest.xml:12:9
		INJECTED from AndroidManifest.xml:0:0
		INJECTED from AndroidManifest.xml:0:0
	tools:ignore
		ADDED from AndroidManifest.xml:14:9
application
ADDED from AndroidManifest.xml:16:5
MERGED from com.android.support:support-v4:21.0.3:16:5
MERGED from com.android.support:appcompat-v7:21.0.3:16:5
MERGED from com.android.support:support-v4:21.0.3:16:5
MERGED from com.android.support:cardview-v7:21.0.2:16:5
MERGED from com.github.gabrielemariotti.changeloglib:library:1.5.2:11:5
MERGED from com.android.support:support-v4:21.0.3:16:5
MERGED from Wendlerized.libraries:betterpickers:unspecified:11:5
MERGED from com.android.support:support-v4:21.0.3:16:5
MERGED from de.psdev.licensesdialog:licensesdialog:1.6.0:26:5
MERGED from com.getbase:floatingactionbutton:1.6.0:12:5
MERGED from com.github.dmytrodanylyk.circular-progress-button:library:1.1.3:12:5
MERGED from com.nispok:snackbar:2.7.4:10:5
MERGED from com.android.support:recyclerview-v7:21.0.2:17:5
MERGED from com.android.support:support-v4:21.0.3:16:5
MERGED from com.jpardogo.materialtabstrip:library:1.0.8:9:5
MERGED from com.android.support:support-v4:21.0.3:16:5
MERGED from com.telly:mrvector:0.2.0:11:5
MERGED from com.android.support:support-v4:21.0.3:16:5
	android:supportsRtl
		ADDED from AndroidManifest.xml:20:9
	android:label
		ADDED from AndroidManifest.xml:19:9
	android:debuggable
		ADDED from AndroidManifest.xml:22:9
	android:allowBackup
		ADDED from AndroidManifest.xml:17:9
	android:icon
		ADDED from AndroidManifest.xml:18:9
	android:theme
		ADDED from AndroidManifest.xml:21:9
	tools:ignore
		ADDED from AndroidManifest.xml:23:9
activity#se.johan.wendler.activity.StartupActivity
ADDED from AndroidManifest.xml:24:9
	android:windowSoftInputMode
		ADDED from AndroidManifest.xml:27:13
	android:label
		ADDED from AndroidManifest.xml:26:13
	android:name
		ADDED from AndroidManifest.xml:25:13
intent-filter#android.intent.action.MAIN+android.intent.category.LAUNCHER
ADDED from AndroidManifest.xml:28:13
action#android.intent.action.MAIN
ADDED from AndroidManifest.xml:29:17
	android:name
		ADDED from AndroidManifest.xml:29:25
category#android.intent.category.LAUNCHER
ADDED from AndroidManifest.xml:31:17
	android:name
		ADDED from AndroidManifest.xml:31:27
activity#se.johan.wendler.activity.MainActivity
ADDED from AndroidManifest.xml:34:9
	android:theme
		ADDED from AndroidManifest.xml:36:13
	android:name
		ADDED from AndroidManifest.xml:35:13
activity#se.johan.wendler.activity.WorkoutActivity
ADDED from AndroidManifest.xml:37:9
	android:windowSoftInputMode
		ADDED from AndroidManifest.xml:40:13
	android:parentActivityName
		ADDED from AndroidManifest.xml:39:13
	android:name
		ADDED from AndroidManifest.xml:38:13
meta-data#android.support.PARENT_ACTIVITY
ADDED from AndroidManifest.xml:41:13
	android:name
		ADDED from AndroidManifest.xml:42:17
	android:value
		ADDED from AndroidManifest.xml:43:17
activity#se.johan.wendler.activity.SettingsActivity
ADDED from AndroidManifest.xml:45:9
	android:label
		ADDED from AndroidManifest.xml:47:13
	android:parentActivityName
		ADDED from AndroidManifest.xml:48:13
	android:name
		ADDED from AndroidManifest.xml:46:13
activity#se.johan.wendler.activity.AboutActivity
ADDED from AndroidManifest.xml:53:9
	android:label
		ADDED from AndroidManifest.xml:55:13
	android:parentActivityName
		ADDED from AndroidManifest.xml:56:13
	android:name
		ADDED from AndroidManifest.xml:54:13
activity#android.support.v7.widget.TestActivity
ADDED from com.android.support:recyclerview-v7:21.0.2:18:9
	android:label
		ADDED from com.android.support:recyclerview-v7:21.0.2:18:19
	android:name
		ADDED from com.android.support:recyclerview-v7:21.0.2:18:60